/home/aryan/ros2_ws/src/vision_rpi_bot/install/vision_rpi_bot/lib/python3.10/site-packages/vision_rpi_bot/__init__.py
/home/aryan/ros2_ws/src/vision_rpi_bot/install/vision_rpi_bot/lib/python3.10/site-packages/vision_rpi_bot/publisher.py
/home/aryan/ros2_ws/src/vision_rpi_bot/install/vision_rpi_bot/lib/python3.10/site-packages/vision_rpi_bot/line_following_real.py
/home/aryan/ros2_ws/src/vision_rpi_bot/install/vision_rpi_bot/lib/python3.10/site-packages/vision_rpi_bot/subscriber.py
/home/aryan/ros2_ws/src/vision_rpi_bot/install/vision_rpi_bot/lib/python3.10/site-packages/vision_rpi_bot/__pycache__/__init__.cpython-310.pyc
/home/aryan/ros2_ws/src/vision_rpi_bot/install/vision_rpi_bot/lib/python3.10/site-packages/vision_rpi_bot/__pycache__/publisher.cpython-310.pyc
/home/aryan/ros2_ws/src/vision_rpi_bot/install/vision_rpi_bot/lib/python3.10/site-packages/vision_rpi_bot/__pycache__/line_following_real.cpython-310.pyc
/home/aryan/ros2_ws/src/vision_rpi_bot/install/vision_rpi_bot/lib/python3.10/site-packages/vision_rpi_bot/__pycache__/subscriber.cpython-310.pyc
/home/aryan/ros2_ws/src/vision_rpi_bot/install/vision_rpi_bot/share/ament_index/resource_index/packages/vision_rpi_bot
/home/aryan/ros2_ws/src/vision_rpi_bot/install/vision_rpi_bot/share/vision_rpi_bot/package.xml
/home/aryan/ros2_ws/src/vision_rpi_bot/install/vision_rpi_bot/lib/python3.10/site-packages/vision_rpi_bot-0.0.0-py3.10.egg-info/top_level.txt
/home/aryan/ros2_ws/src/vision_rpi_bot/install/vision_rpi_bot/lib/python3.10/site-packages/vision_rpi_bot-0.0.0-py3.10.egg-info/entry_points.txt
/home/aryan/ros2_ws/src/vision_rpi_bot/install/vision_rpi_bot/lib/python3.10/site-packages/vision_rpi_bot-0.0.0-py3.10.egg-info/PKG-INFO
/home/aryan/ros2_ws/src/vision_rpi_bot/install/vision_rpi_bot/lib/python3.10/site-packages/vision_rpi_bot-0.0.0-py3.10.egg-info/requires.txt
/home/aryan/ros2_ws/src/vision_rpi_bot/install/vision_rpi_bot/lib/python3.10/site-packages/vision_rpi_bot-0.0.0-py3.10.egg-info/SOURCES.txt
/home/aryan/ros2_ws/src/vision_rpi_bot/install/vision_rpi_bot/lib/python3.10/site-packages/vision_rpi_bot-0.0.0-py3.10.egg-info/zip-safe
/home/aryan/ros2_ws/src/vision_rpi_bot/install/vision_rpi_bot/lib/python3.10/site-packages/vision_rpi_bot-0.0.0-py3.10.egg-info/dependency_links.txt
/home/aryan/ros2_ws/src/vision_rpi_bot/install/vision_rpi_bot/lib/vision_rpi_bot/line_follower_node
/home/aryan/ros2_ws/src/vision_rpi_bot/install/vision_rpi_bot/lib/vision_rpi_bot/publisher_node
/home/aryan/ros2_ws/src/vision_rpi_bot/install/vision_rpi_bot/lib/vision_rpi_bot/subscriber_node
