[0.919s] DEBUG:colcon:Command line arguments: ['/usr/bin/colcon', 'build']
[0.919s] DEBUG:colcon:Parsed command line arguments: Namespace(log_base=None, log_level=None, verb_name='build', build_base='build', install_base='install', merge_install=False, symlink_install=False, test_result_base=None, continue_on_error=False, executor='parallel', parallel_workers=16, event_handlers=None, ignore_user_meta=False, metas=['./colcon.meta'], base_paths=['.'], packages_ignore=None, packages_ignore_regex=None, paths=None, packages_up_to=None, packages_up_to_regex=None, packages_above=None, packages_above_and_dependencies=None, packages_above_depth=None, packages_select_by_dep=None, packages_skip_by_dep=None, packages_skip_up_to=None, packages_select_build_failed=False, packages_skip_build_finished=False, packages_select_test_failures=False, packages_skip_test_passed=False, packages_select=None, packages_skip=None, packages_select_regex=None, packages_skip_regex=None, packages_start=None, packages_end=None, allow_overriding=[], cmake_args=None, cmake_target=None, cmake_target_skip_unavailable=False, cmake_clean_cache=False, cmake_clean_first=False, cmake_force_configure=False, ament_cmake_args=None, catkin_cmake_args=None, catkin_skip_building_tests=False, verb_parser=<colcon_defaults.argument_parser.defaults.DefaultArgumentsDecorator object at 0x7fb586cd54b0>, verb_extension=<colcon_core.verb.build.BuildVerb object at 0x7fb586cd5630>, main=<bound method BuildVerb.main of <colcon_core.verb.build.BuildVerb object at 0x7fb586cd5630>>)
[0.949s] Level 1:colcon.colcon_core.package_discovery:discover_packages(colcon_meta) check parameters
[0.949s] Level 1:colcon.colcon_core.package_discovery:discover_packages(recursive) check parameters
[0.949s] Level 1:colcon.colcon_core.package_discovery:discover_packages(ignore) check parameters
[0.949s] Level 1:colcon.colcon_core.package_discovery:discover_packages(path) check parameters
[0.949s] Level 1:colcon.colcon_core.package_discovery:discover_packages(colcon_meta) discover
[0.949s] Level 1:colcon.colcon_core.package_discovery:discover_packages(recursive) discover
[0.949s] INFO:colcon.colcon_core.package_discovery:Crawling recursively for packages in '/home/aryan/ros2_ws/src/vision_rpi_bot'
[0.949s] Level 1:colcon.colcon_core.package_identification:_identify(.) by extensions ['ignore', 'ignore_ament_install']
[0.949s] Level 1:colcon.colcon_core.package_identification:_identify(.) by extension 'ignore'
[0.949s] Level 1:colcon.colcon_core.package_identification:_identify(.) by extension 'ignore_ament_install'
[0.949s] Level 1:colcon.colcon_core.package_identification:_identify(.) by extensions ['colcon_pkg']
[0.949s] Level 1:colcon.colcon_core.package_identification:_identify(.) by extension 'colcon_pkg'
[0.949s] Level 1:colcon.colcon_core.package_identification:_identify(.) by extensions ['colcon_meta']
[0.949s] Level 1:colcon.colcon_core.package_identification:_identify(.) by extension 'colcon_meta'
[0.949s] Level 1:colcon.colcon_core.package_identification:_identify(.) by extensions ['ros']
[0.949s] Level 1:colcon.colcon_core.package_identification:_identify(.) by extension 'ros'
[0.958s] DEBUG:colcon.colcon_core.package_identification:Package '.' with type 'ros.ament_python' and name 'vision_rpi_bot'
[0.958s] Level 1:colcon.colcon_core.package_discovery:discover_packages(recursive) using defaults
[0.958s] Level 1:colcon.colcon_core.package_discovery:discover_packages(ignore) discover
[0.958s] Level 1:colcon.colcon_core.package_discovery:discover_packages(ignore) using defaults
[0.958s] Level 1:colcon.colcon_core.package_discovery:discover_packages(path) discover
[0.958s] Level 1:colcon.colcon_core.package_discovery:discover_packages(path) using defaults
[1.019s] Level 1:colcon.colcon_core.package_discovery:discover_packages(prefix_path) check parameters
[1.019s] Level 1:colcon.colcon_core.package_discovery:discover_packages(prefix_path) discover
[1.038s] DEBUG:colcon.colcon_installed_package_information.package_discovery:Found 1 installed packages in /home/aryan/ros2_ws/install
[1.048s] DEBUG:colcon.colcon_installed_package_information.package_discovery:Found 271 installed packages in /opt/ros/humble
[1.049s] Level 1:colcon.colcon_core.package_discovery:discover_packages(prefix_path) using defaults
[1.105s] Level 5:colcon.colcon_core.verb:set package 'vision_rpi_bot' build argument 'cmake_args' from command line to 'None'
[1.105s] Level 5:colcon.colcon_core.verb:set package 'vision_rpi_bot' build argument 'cmake_target' from command line to 'None'
[1.105s] Level 5:colcon.colcon_core.verb:set package 'vision_rpi_bot' build argument 'cmake_target_skip_unavailable' from command line to 'False'
[1.105s] Level 5:colcon.colcon_core.verb:set package 'vision_rpi_bot' build argument 'cmake_clean_cache' from command line to 'False'
[1.105s] Level 5:colcon.colcon_core.verb:set package 'vision_rpi_bot' build argument 'cmake_clean_first' from command line to 'False'
[1.105s] Level 5:colcon.colcon_core.verb:set package 'vision_rpi_bot' build argument 'cmake_force_configure' from command line to 'False'
[1.105s] Level 5:colcon.colcon_core.verb:set package 'vision_rpi_bot' build argument 'ament_cmake_args' from command line to 'None'
[1.105s] Level 5:colcon.colcon_core.verb:set package 'vision_rpi_bot' build argument 'catkin_cmake_args' from command line to 'None'
[1.105s] Level 5:colcon.colcon_core.verb:set package 'vision_rpi_bot' build argument 'catkin_skip_building_tests' from command line to 'False'
[1.105s] DEBUG:colcon.colcon_core.verb:Building package 'vision_rpi_bot' with the following arguments: {'ament_cmake_args': None, 'build_base': '/home/aryan/ros2_ws/src/vision_rpi_bot/build/vision_rpi_bot', 'catkin_cmake_args': None, 'catkin_skip_building_tests': False, 'cmake_args': None, 'cmake_clean_cache': False, 'cmake_clean_first': False, 'cmake_force_configure': False, 'cmake_target': None, 'cmake_target_skip_unavailable': False, 'install_base': '/home/aryan/ros2_ws/src/vision_rpi_bot/install/vision_rpi_bot', 'merge_install': False, 'path': '/home/aryan/ros2_ws/src/vision_rpi_bot', 'symlink_install': False, 'test_result_base': None}
[1.114s] INFO:colcon.colcon_core.executor:Executing jobs using 'parallel' executor
[1.123s] DEBUG:colcon.colcon_parallel_executor.executor.parallel:run_until_complete
[1.123s] INFO:colcon.colcon_ros.task.ament_python.build:Building ROS package in '/home/aryan/ros2_ws/src/vision_rpi_bot' with build type 'ament_python'
[1.123s] Level 1:colcon.colcon_core.shell:create_environment_hook('vision_rpi_bot', 'ament_prefix_path')
[1.134s] INFO:colcon.colcon_core.plugin_system:Skipping extension 'colcon_core.shell.bat': Not used on non-Windows systems
[1.134s] INFO:colcon.colcon_core.shell:Creating environment hook '/home/aryan/ros2_ws/src/vision_rpi_bot/install/vision_rpi_bot/share/vision_rpi_bot/hook/ament_prefix_path.ps1'
[1.135s] INFO:colcon.colcon_core.shell:Creating environment descriptor '/home/aryan/ros2_ws/src/vision_rpi_bot/install/vision_rpi_bot/share/vision_rpi_bot/hook/ament_prefix_path.dsv'
[1.135s] INFO:colcon.colcon_core.shell:Creating environment hook '/home/aryan/ros2_ws/src/vision_rpi_bot/install/vision_rpi_bot/share/vision_rpi_bot/hook/ament_prefix_path.sh'
[1.145s] INFO:colcon.colcon_core.shell:Skip shell extension 'powershell' for command environment: Not usable outside of PowerShell
[1.145s] DEBUG:colcon.colcon_core.shell:Skip shell extension 'dsv' for command environment
[1.356s] INFO:colcon.colcon_core.task.python.build:Building Python package in '/home/aryan/ros2_ws/src/vision_rpi_bot'
[1.365s] INFO:colcon.colcon_core.shell:Skip shell extension 'powershell' for command environment: Not usable outside of PowerShell
[1.366s] DEBUG:colcon.colcon_core.shell:Skip shell extension 'dsv' for command environment
[1.634s] DEBUG:colcon.colcon_core.event_handler.log_command:Invoking command in '/home/aryan/ros2_ws/src/vision_rpi_bot': PYTHONPATH=/home/aryan/ros2_ws/src/vision_rpi_bot/build/vision_rpi_bot/prefix_override:/home/aryan/ros2_ws/src/vision_rpi_bot/install/vision_rpi_bot/lib/python3.10/site-packages:${PYTHONPATH} /usr/bin/python3 setup.py egg_info --egg-base build/vision_rpi_bot build --build-base /home/aryan/ros2_ws/src/vision_rpi_bot/build/vision_rpi_bot/build install --record /home/aryan/ros2_ws/src/vision_rpi_bot/build/vision_rpi_bot/install.log --single-version-externally-managed
[1.832s] DEBUG:colcon.colcon_core.event_handler.log_command:Invoked command in '/home/aryan/ros2_ws/src/vision_rpi_bot' returned '0': PYTHONPATH=/home/aryan/ros2_ws/src/vision_rpi_bot/build/vision_rpi_bot/prefix_override:/home/aryan/ros2_ws/src/vision_rpi_bot/install/vision_rpi_bot/lib/python3.10/site-packages:${PYTHONPATH} /usr/bin/python3 setup.py egg_info --egg-base build/vision_rpi_bot build --build-base /home/aryan/ros2_ws/src/vision_rpi_bot/build/vision_rpi_bot/build install --record /home/aryan/ros2_ws/src/vision_rpi_bot/build/vision_rpi_bot/install.log --single-version-externally-managed
[1.843s] Level 1:colcon.colcon_core.environment:checking '/home/aryan/ros2_ws/src/vision_rpi_bot/install/vision_rpi_bot' for CMake module files
[1.843s] Level 1:colcon.colcon_core.environment:checking '/home/aryan/ros2_ws/src/vision_rpi_bot/install/vision_rpi_bot' for CMake config files
[1.844s] Level 1:colcon.colcon_core.environment:checking '/home/aryan/ros2_ws/src/vision_rpi_bot/install/vision_rpi_bot/lib'
[1.844s] Level 1:colcon.colcon_core.environment:checking '/home/aryan/ros2_ws/src/vision_rpi_bot/install/vision_rpi_bot/bin'
[1.844s] Level 1:colcon.colcon_core.environment:checking '/home/aryan/ros2_ws/src/vision_rpi_bot/install/vision_rpi_bot/lib/pkgconfig/vision_rpi_bot.pc'
[1.844s] Level 1:colcon.colcon_core.environment:checking '/home/aryan/ros2_ws/src/vision_rpi_bot/install/vision_rpi_bot/lib/python3.10/site-packages'
[1.844s] Level 1:colcon.colcon_core.shell:create_environment_hook('vision_rpi_bot', 'pythonpath')
[1.853s] INFO:colcon.colcon_core.shell:Creating environment hook '/home/aryan/ros2_ws/src/vision_rpi_bot/install/vision_rpi_bot/share/vision_rpi_bot/hook/pythonpath.ps1'
[1.853s] INFO:colcon.colcon_core.shell:Creating environment descriptor '/home/aryan/ros2_ws/src/vision_rpi_bot/install/vision_rpi_bot/share/vision_rpi_bot/hook/pythonpath.dsv'
[1.853s] INFO:colcon.colcon_core.shell:Creating environment hook '/home/aryan/ros2_ws/src/vision_rpi_bot/install/vision_rpi_bot/share/vision_rpi_bot/hook/pythonpath.sh'
[1.854s] Level 1:colcon.colcon_core.environment:checking '/home/aryan/ros2_ws/src/vision_rpi_bot/install/vision_rpi_bot/bin'
[1.854s] Level 1:colcon.colcon_core.environment:create_environment_scripts_only(vision_rpi_bot)
[1.863s] INFO:colcon.colcon_core.shell:Creating package script '/home/aryan/ros2_ws/src/vision_rpi_bot/install/vision_rpi_bot/share/vision_rpi_bot/package.ps1'
[1.863s] INFO:colcon.colcon_core.shell:Creating package descriptor '/home/aryan/ros2_ws/src/vision_rpi_bot/install/vision_rpi_bot/share/vision_rpi_bot/package.dsv'
[1.864s] INFO:colcon.colcon_core.shell:Creating package script '/home/aryan/ros2_ws/src/vision_rpi_bot/install/vision_rpi_bot/share/vision_rpi_bot/package.sh'
[1.864s] INFO:colcon.colcon_core.shell:Creating package script '/home/aryan/ros2_ws/src/vision_rpi_bot/install/vision_rpi_bot/share/vision_rpi_bot/package.bash'
[1.864s] INFO:colcon.colcon_core.shell:Creating package script '/home/aryan/ros2_ws/src/vision_rpi_bot/install/vision_rpi_bot/share/vision_rpi_bot/package.zsh'
[1.865s] Level 1:colcon.colcon_core.environment:create_file_with_runtime_dependencies(/home/aryan/ros2_ws/src/vision_rpi_bot/install/vision_rpi_bot/share/colcon-core/packages/vision_rpi_bot)
[1.865s] DEBUG:colcon.colcon_parallel_executor.executor.parallel:closing loop
[1.865s] DEBUG:colcon.colcon_parallel_executor.executor.parallel:loop closed
[1.865s] DEBUG:colcon.colcon_parallel_executor.executor.parallel:run_until_complete finished with '0'
[1.866s] DEBUG:colcon.colcon_core.event_reactor:joining thread
[1.879s] INFO:colcon.colcon_core.plugin_system:Skipping extension 'colcon_notification.desktop_notification.terminal_notifier': Not used on non-Darwin systems
[1.879s] INFO:colcon.colcon_core.plugin_system:Skipping extension 'colcon_notification.desktop_notification.win32': Not used on non-Windows systems
[1.879s] INFO:colcon.colcon_notification.desktop_notification:Sending desktop notification using 'notify2'
[1.891s] DEBUG:colcon.colcon_core.event_reactor:joined thread
[1.900s] INFO:colcon.colcon_core.shell:Creating prefix script '/home/aryan/ros2_ws/src/vision_rpi_bot/install/local_setup.ps1'
[1.901s] INFO:colcon.colcon_core.shell:Creating prefix util module '/home/aryan/ros2_ws/src/vision_rpi_bot/install/_local_setup_util_ps1.py'
[1.901s] INFO:colcon.colcon_core.shell:Creating prefix chain script '/home/aryan/ros2_ws/src/vision_rpi_bot/install/setup.ps1'
[1.911s] INFO:colcon.colcon_core.shell:Creating prefix script '/home/aryan/ros2_ws/src/vision_rpi_bot/install/local_setup.sh'
[1.911s] INFO:colcon.colcon_core.shell:Creating prefix util module '/home/aryan/ros2_ws/src/vision_rpi_bot/install/_local_setup_util_sh.py'
[1.912s] INFO:colcon.colcon_core.shell:Creating prefix chain script '/home/aryan/ros2_ws/src/vision_rpi_bot/install/setup.sh'
[1.921s] INFO:colcon.colcon_core.shell:Creating prefix script '/home/aryan/ros2_ws/src/vision_rpi_bot/install/local_setup.bash'
[1.921s] INFO:colcon.colcon_core.shell:Creating prefix chain script '/home/aryan/ros2_ws/src/vision_rpi_bot/install/setup.bash'
[1.931s] INFO:colcon.colcon_core.shell:Creating prefix script '/home/aryan/ros2_ws/src/vision_rpi_bot/install/local_setup.zsh'
[1.931s] INFO:colcon.colcon_core.shell:Creating prefix chain script '/home/aryan/ros2_ws/src/vision_rpi_bot/install/setup.zsh'
