/home/aryan/ros2_ws/src/vision_rpi_car/install/vision_rpi_car/lib/python3.10/site-packages/vision_rpi_car/__init__.py
/home/aryan/ros2_ws/src/vision_rpi_car/install/vision_rpi_car/lib/python3.10/site-packages/vision_rpi_car/line_follow_drive.py
/home/aryan/ros2_ws/src/vision_rpi_car/install/vision_rpi_car/lib/python3.10/site-packages/vision_rpi_car/steer_twist_sub.py
/home/aryan/ros2_ws/src/vision_rpi_car/install/vision_rpi_car/lib/python3.10/site-packages/vision_rpi_car/image_publisher.py
/home/aryan/ros2_ws/src/vision_rpi_car/install/vision_rpi_car/lib/python3.10/site-packages/vision_rpi_car/__pycache__/__init__.cpython-310.pyc
/home/aryan/ros2_ws/src/vision_rpi_car/install/vision_rpi_car/lib/python3.10/site-packages/vision_rpi_car/__pycache__/line_follow_drive.cpython-310.pyc
/home/aryan/ros2_ws/src/vision_rpi_car/install/vision_rpi_car/lib/python3.10/site-packages/vision_rpi_car/__pycache__/steer_twist_sub.cpython-310.pyc
/home/aryan/ros2_ws/src/vision_rpi_car/install/vision_rpi_car/lib/python3.10/site-packages/vision_rpi_car/__pycache__/image_publisher.cpython-310.pyc
/home/aryan/ros2_ws/src/vision_rpi_car/install/vision_rpi_car/share/ament_index/resource_index/packages/vision_rpi_car
/home/aryan/ros2_ws/src/vision_rpi_car/install/vision_rpi_car/share/vision_rpi_car/package.xml
/home/aryan/ros2_ws/src/vision_rpi_car/install/vision_rpi_car/lib/python3.10/site-packages/vision_rpi_car-0.0.0-py3.10.egg-info/SOURCES.txt
/home/aryan/ros2_ws/src/vision_rpi_car/install/vision_rpi_car/lib/python3.10/site-packages/vision_rpi_car-0.0.0-py3.10.egg-info/dependency_links.txt
/home/aryan/ros2_ws/src/vision_rpi_car/install/vision_rpi_car/lib/python3.10/site-packages/vision_rpi_car-0.0.0-py3.10.egg-info/PKG-INFO
/home/aryan/ros2_ws/src/vision_rpi_car/install/vision_rpi_car/lib/python3.10/site-packages/vision_rpi_car-0.0.0-py3.10.egg-info/requires.txt
/home/aryan/ros2_ws/src/vision_rpi_car/install/vision_rpi_car/lib/python3.10/site-packages/vision_rpi_car-0.0.0-py3.10.egg-info/entry_points.txt
/home/aryan/ros2_ws/src/vision_rpi_car/install/vision_rpi_car/lib/python3.10/site-packages/vision_rpi_car-0.0.0-py3.10.egg-info/zip-safe
/home/aryan/ros2_ws/src/vision_rpi_car/install/vision_rpi_car/lib/python3.10/site-packages/vision_rpi_car-0.0.0-py3.10.egg-info/top_level.txt
/home/aryan/ros2_ws/src/vision_rpi_car/install/vision_rpi_car/lib/vision_rpi_car/image_publisher_node
/home/aryan/ros2_ws/src/vision_rpi_car/install/vision_rpi_car/lib/vision_rpi_car/line_follow_node
/home/aryan/ros2_ws/src/vision_rpi_car/install/vision_rpi_car/lib/vision_rpi_car/steerTwist_node
