running egg_info
creating build/vision_rpi_car/vision_rpi_car.egg-info
writing build/vision_rpi_car/vision_rpi_car.egg-info/PKG-INFO
writing dependency_links to build/vision_rpi_car/vision_rpi_car.egg-info/dependency_links.txt
writing entry points to build/vision_rpi_car/vision_rpi_car.egg-info/entry_points.txt
writing requirements to build/vision_rpi_car/vision_rpi_car.egg-info/requires.txt
writing top-level names to build/vision_rpi_car/vision_rpi_car.egg-info/top_level.txt
writing manifest file 'build/vision_rpi_car/vision_rpi_car.egg-info/SOURCES.txt'
reading manifest file 'build/vision_rpi_car/vision_rpi_car.egg-info/SOURCES.txt'
writing manifest file 'build/vision_rpi_car/vision_rpi_car.egg-info/SOURCES.txt'
running build
running build_py
creating /home/aryan/ros2_ws/src/vision_rpi_car/build/vision_rpi_car/build
creating /home/aryan/ros2_ws/src/vision_rpi_car/build/vision_rpi_car/build/lib
creating /home/aryan/ros2_ws/src/vision_rpi_car/build/vision_rpi_car/build/lib/vision_rpi_car
copying vision_rpi_car/__init__.py -> /home/aryan/ros2_ws/src/vision_rpi_car/build/vision_rpi_car/build/lib/vision_rpi_car
copying vision_rpi_car/line_follow_drive.py -> /home/aryan/ros2_ws/src/vision_rpi_car/build/vision_rpi_car/build/lib/vision_rpi_car
copying vision_rpi_car/steer_twist_sub.py -> /home/aryan/ros2_ws/src/vision_rpi_car/build/vision_rpi_car/build/lib/vision_rpi_car
copying vision_rpi_car/image_publisher.py -> /home/aryan/ros2_ws/src/vision_rpi_car/build/vision_rpi_car/build/lib/vision_rpi_car
running install
running install_lib
creating /home/aryan/ros2_ws/src/vision_rpi_car/install/vision_rpi_car/lib/python3.10/site-packages/vision_rpi_car
copying /home/aryan/ros2_ws/src/vision_rpi_car/build/vision_rpi_car/build/lib/vision_rpi_car/__init__.py -> /home/aryan/ros2_ws/src/vision_rpi_car/install/vision_rpi_car/lib/python3.10/site-packages/vision_rpi_car
copying /home/aryan/ros2_ws/src/vision_rpi_car/build/vision_rpi_car/build/lib/vision_rpi_car/line_follow_drive.py -> /home/aryan/ros2_ws/src/vision_rpi_car/install/vision_rpi_car/lib/python3.10/site-packages/vision_rpi_car
copying /home/aryan/ros2_ws/src/vision_rpi_car/build/vision_rpi_car/build/lib/vision_rpi_car/steer_twist_sub.py -> /home/aryan/ros2_ws/src/vision_rpi_car/install/vision_rpi_car/lib/python3.10/site-packages/vision_rpi_car
copying /home/aryan/ros2_ws/src/vision_rpi_car/build/vision_rpi_car/build/lib/vision_rpi_car/image_publisher.py -> /home/aryan/ros2_ws/src/vision_rpi_car/install/vision_rpi_car/lib/python3.10/site-packages/vision_rpi_car
byte-compiling /home/aryan/ros2_ws/src/vision_rpi_car/install/vision_rpi_car/lib/python3.10/site-packages/vision_rpi_car/__init__.py to __init__.cpython-310.pyc
byte-compiling /home/aryan/ros2_ws/src/vision_rpi_car/install/vision_rpi_car/lib/python3.10/site-packages/vision_rpi_car/line_follow_drive.py to line_follow_drive.cpython-310.pyc
byte-compiling /home/aryan/ros2_ws/src/vision_rpi_car/install/vision_rpi_car/lib/python3.10/site-packages/vision_rpi_car/steer_twist_sub.py to steer_twist_sub.cpython-310.pyc
byte-compiling /home/aryan/ros2_ws/src/vision_rpi_car/install/vision_rpi_car/lib/python3.10/site-packages/vision_rpi_car/image_publisher.py to image_publisher.cpython-310.pyc
running install_data
creating /home/aryan/ros2_ws/src/vision_rpi_car/install/vision_rpi_car/share/ament_index
creating /home/aryan/ros2_ws/src/vision_rpi_car/install/vision_rpi_car/share/ament_index/resource_index
creating /home/aryan/ros2_ws/src/vision_rpi_car/install/vision_rpi_car/share/ament_index/resource_index/packages
copying resource/vision_rpi_car -> /home/aryan/ros2_ws/src/vision_rpi_car/install/vision_rpi_car/share/ament_index/resource_index/packages
copying package.xml -> /home/aryan/ros2_ws/src/vision_rpi_car/install/vision_rpi_car/share/vision_rpi_car
running install_egg_info
Copying build/vision_rpi_car/vision_rpi_car.egg-info to /home/aryan/ros2_ws/src/vision_rpi_car/install/vision_rpi_car/lib/python3.10/site-packages/vision_rpi_car-0.0.0-py3.10.egg-info
running install_scripts
Installing image_publisher_node script to /home/aryan/ros2_ws/src/vision_rpi_car/install/vision_rpi_car/lib/vision_rpi_car
Installing line_follow_node script to /home/aryan/ros2_ws/src/vision_rpi_car/install/vision_rpi_car/lib/vision_rpi_car
Installing steerTwist_node script to /home/aryan/ros2_ws/src/vision_rpi_car/install/vision_rpi_car/lib/vision_rpi_car
writing list of installed files to '/home/aryan/ros2_ws/src/vision_rpi_car/build/vision_rpi_car/install.log'
