[10.372s] DEBUG:colcon:Command line arguments: ['/usr/bin/colcon', 'build']
[10.373s] DEBUG:colcon:Parsed command line arguments: Namespace(log_base=None, log_level=None, verb_name='build', build_base='build', install_base='install', merge_install=False, symlink_install=False, test_result_base=None, continue_on_error=False, executor='parallel', parallel_workers=4, event_handlers=None, ignore_user_meta=False, metas=['./colcon.meta'], base_paths=['.'], packages_ignore=None, packages_ignore_regex=None, paths=None, packages_up_to=None, packages_up_to_regex=None, packages_above=None, packages_above_and_dependencies=None, packages_above_depth=None, packages_select_by_dep=None, packages_skip_by_dep=None, packages_skip_up_to=None, packages_select_build_failed=False, packages_skip_build_finished=False, packages_select_test_failures=False, packages_skip_test_passed=False, packages_select=None, packages_skip=None, packages_select_regex=None, packages_skip_regex=None, packages_start=None, packages_end=None, allow_overriding=[], cmake_args=None, cmake_target=None, cmake_target_skip_unavailable=False, cmake_clean_cache=False, cmake_clean_first=False, cmake_force_configure=False, ament_cmake_args=None, catkin_cmake_args=None, catkin_skip_building_tests=False, verb_parser=<colcon_defaults.argument_parser.defaults.DefaultArgumentsDecorator object at 0xffffb0d75120>, verb_extension=<colcon_core.verb.build.BuildVerb object at 0xffffb103a320>, main=<bound method BuildVerb.main of <colcon_core.verb.build.BuildVerb object at 0xffffb103a320>>)
[10.995s] Level 1:colcon.colcon_core.package_discovery:discover_packages(colcon_meta) check parameters
[10.996s] Level 1:colcon.colcon_core.package_discovery:discover_packages(recursive) check parameters
[10.996s] Level 1:colcon.colcon_core.package_discovery:discover_packages(ignore) check parameters
[10.997s] Level 1:colcon.colcon_core.package_discovery:discover_packages(path) check parameters
[10.997s] Level 1:colcon.colcon_core.package_discovery:discover_packages(colcon_meta) discover
[10.998s] Level 1:colcon.colcon_core.package_discovery:discover_packages(recursive) discover
[10.998s] INFO:colcon.colcon_core.package_discovery:Crawling recursively for packages in '/home/aryan/ros2_ws/src/vision_rpi_car'
[10.999s] Level 1:colcon.colcon_core.package_identification:_identify(.) by extensions ['ignore', 'ignore_ament_install']
[11.000s] Level 1:colcon.colcon_core.package_identification:_identify(.) by extension 'ignore'
[11.001s] Level 1:colcon.colcon_core.package_identification:_identify(.) by extension 'ignore_ament_install'
[11.001s] Level 1:colcon.colcon_core.package_identification:_identify(.) by extensions ['colcon_pkg']
[11.002s] Level 1:colcon.colcon_core.package_identification:_identify(.) by extension 'colcon_pkg'
[11.002s] Level 1:colcon.colcon_core.package_identification:_identify(.) by extensions ['colcon_meta']
[11.003s] Level 1:colcon.colcon_core.package_identification:_identify(.) by extension 'colcon_meta'
[11.003s] Level 1:colcon.colcon_core.package_identification:_identify(.) by extensions ['ros']
[11.004s] Level 1:colcon.colcon_core.package_identification:_identify(.) by extension 'ros'
[11.166s] DEBUG:colcon.colcon_core.package_identification:Package '.' with type 'ros.ament_python' and name 'vision_rpi_car'
[11.167s] Level 1:colcon.colcon_core.package_discovery:discover_packages(recursive) using defaults
[11.167s] Level 1:colcon.colcon_core.package_discovery:discover_packages(ignore) discover
[11.167s] Level 1:colcon.colcon_core.package_discovery:discover_packages(ignore) using defaults
[11.167s] Level 1:colcon.colcon_core.package_discovery:discover_packages(path) discover
[11.167s] Level 1:colcon.colcon_core.package_discovery:discover_packages(path) using defaults
[12.082s] Level 1:colcon.colcon_core.package_discovery:discover_packages(prefix_path) check parameters
[12.082s] Level 1:colcon.colcon_core.package_discovery:discover_packages(prefix_path) discover
[12.447s] DEBUG:colcon.colcon_installed_package_information.package_discovery:Found 1 installed packages in /home/aryan/ros2_ws/install
[12.638s] DEBUG:colcon.colcon_installed_package_information.package_discovery:Found 271 installed packages in /opt/ros/humble
[12.657s] Level 1:colcon.colcon_core.package_discovery:discover_packages(prefix_path) using defaults
[13.055s] Level 5:colcon.colcon_core.verb:set package 'vision_rpi_car' build argument 'cmake_args' from command line to 'None'
[13.055s] Level 5:colcon.colcon_core.verb:set package 'vision_rpi_car' build argument 'cmake_target' from command line to 'None'
[13.055s] Level 5:colcon.colcon_core.verb:set package 'vision_rpi_car' build argument 'cmake_target_skip_unavailable' from command line to 'False'
[13.055s] Level 5:colcon.colcon_core.verb:set package 'vision_rpi_car' build argument 'cmake_clean_cache' from command line to 'False'
[13.055s] Level 5:colcon.colcon_core.verb:set package 'vision_rpi_car' build argument 'cmake_clean_first' from command line to 'False'
[13.055s] Level 5:colcon.colcon_core.verb:set package 'vision_rpi_car' build argument 'cmake_force_configure' from command line to 'False'
[13.056s] Level 5:colcon.colcon_core.verb:set package 'vision_rpi_car' build argument 'ament_cmake_args' from command line to 'None'
[13.056s] Level 5:colcon.colcon_core.verb:set package 'vision_rpi_car' build argument 'catkin_cmake_args' from command line to 'None'
[13.056s] Level 5:colcon.colcon_core.verb:set package 'vision_rpi_car' build argument 'catkin_skip_building_tests' from command line to 'False'
[13.056s] DEBUG:colcon.colcon_core.verb:Building package 'vision_rpi_car' with the following arguments: {'ament_cmake_args': None, 'build_base': '/home/aryan/ros2_ws/src/vision_rpi_car/build/vision_rpi_car', 'catkin_cmake_args': None, 'catkin_skip_building_tests': False, 'cmake_args': None, 'cmake_clean_cache': False, 'cmake_clean_first': False, 'cmake_force_configure': False, 'cmake_target': None, 'cmake_target_skip_unavailable': False, 'install_base': '/home/aryan/ros2_ws/src/vision_rpi_car/install/vision_rpi_car', 'merge_install': False, 'path': '/home/aryan/ros2_ws/src/vision_rpi_car', 'symlink_install': False, 'test_result_base': None}
[13.114s] INFO:colcon.colcon_core.executor:Executing jobs using 'parallel' executor
[13.174s] DEBUG:colcon.colcon_parallel_executor.executor.parallel:run_until_complete
[13.175s] INFO:colcon.colcon_ros.task.ament_python.build:Building ROS package in '/home/aryan/ros2_ws/src/vision_rpi_car' with build type 'ament_python'
[13.176s] Level 1:colcon.colcon_core.shell:create_environment_hook('vision_rpi_car', 'ament_prefix_path')
[13.361s] INFO:colcon.colcon_core.plugin_system:Skipping extension 'colcon_core.shell.bat': Not used on non-Windows systems
[13.364s] INFO:colcon.colcon_core.shell:Creating environment hook '/home/aryan/ros2_ws/src/vision_rpi_car/install/vision_rpi_car/share/vision_rpi_car/hook/ament_prefix_path.ps1'
[13.371s] INFO:colcon.colcon_core.shell:Creating environment descriptor '/home/aryan/ros2_ws/src/vision_rpi_car/install/vision_rpi_car/share/vision_rpi_car/hook/ament_prefix_path.dsv'
[13.378s] INFO:colcon.colcon_core.shell:Creating environment hook '/home/aryan/ros2_ws/src/vision_rpi_car/install/vision_rpi_car/share/vision_rpi_car/hook/ament_prefix_path.sh'
[13.565s] INFO:colcon.colcon_core.shell:Skip shell extension 'powershell' for command environment: Not usable outside of PowerShell
[13.565s] DEBUG:colcon.colcon_core.shell:Skip shell extension 'dsv' for command environment
[17.165s] INFO:colcon.colcon_core.task.python.build:Building Python package in '/home/aryan/ros2_ws/src/vision_rpi_car'
[17.227s] INFO:colcon.colcon_core.shell:Skip shell extension 'powershell' for command environment: Not usable outside of PowerShell
[17.227s] DEBUG:colcon.colcon_core.shell:Skip shell extension 'dsv' for command environment
[22.116s] DEBUG:colcon.colcon_core.event_handler.log_command:Invoking command in '/home/aryan/ros2_ws/src/vision_rpi_car': PYTHONPATH=/home/aryan/ros2_ws/src/vision_rpi_car/build/vision_rpi_car/prefix_override:/home/aryan/ros2_ws/src/vision_rpi_car/install/vision_rpi_car/lib/python3.10/site-packages:${PYTHONPATH} /usr/bin/python3 setup.py egg_info --egg-base build/vision_rpi_car build --build-base /home/aryan/ros2_ws/src/vision_rpi_car/build/vision_rpi_car/build install --record /home/aryan/ros2_ws/src/vision_rpi_car/build/vision_rpi_car/install.log --single-version-externally-managed
[25.661s] DEBUG:colcon.colcon_core.event_handler.log_command:Invoked command in '/home/aryan/ros2_ws/src/vision_rpi_car' returned '0': PYTHONPATH=/home/aryan/ros2_ws/src/vision_rpi_car/build/vision_rpi_car/prefix_override:/home/aryan/ros2_ws/src/vision_rpi_car/install/vision_rpi_car/lib/python3.10/site-packages:${PYTHONPATH} /usr/bin/python3 setup.py egg_info --egg-base build/vision_rpi_car build --build-base /home/aryan/ros2_ws/src/vision_rpi_car/build/vision_rpi_car/build install --record /home/aryan/ros2_ws/src/vision_rpi_car/build/vision_rpi_car/install.log --single-version-externally-managed
[25.741s] Level 1:colcon.colcon_core.environment:checking '/home/aryan/ros2_ws/src/vision_rpi_car/install/vision_rpi_car' for CMake module files
[25.744s] Level 1:colcon.colcon_core.environment:checking '/home/aryan/ros2_ws/src/vision_rpi_car/install/vision_rpi_car' for CMake config files
[25.748s] Level 1:colcon.colcon_core.environment:checking '/home/aryan/ros2_ws/src/vision_rpi_car/install/vision_rpi_car/lib'
[25.749s] Level 1:colcon.colcon_core.environment:checking '/home/aryan/ros2_ws/src/vision_rpi_car/install/vision_rpi_car/bin'
[25.750s] Level 1:colcon.colcon_core.environment:checking '/home/aryan/ros2_ws/src/vision_rpi_car/install/vision_rpi_car/lib/pkgconfig/vision_rpi_car.pc'
[25.751s] Level 1:colcon.colcon_core.environment:checking '/home/aryan/ros2_ws/src/vision_rpi_car/install/vision_rpi_car/lib/python3.10/site-packages'
[25.751s] Level 1:colcon.colcon_core.shell:create_environment_hook('vision_rpi_car', 'pythonpath')
[25.918s] INFO:colcon.colcon_core.shell:Creating environment hook '/home/aryan/ros2_ws/src/vision_rpi_car/install/vision_rpi_car/share/vision_rpi_car/hook/pythonpath.ps1'
[25.922s] INFO:colcon.colcon_core.shell:Creating environment descriptor '/home/aryan/ros2_ws/src/vision_rpi_car/install/vision_rpi_car/share/vision_rpi_car/hook/pythonpath.dsv'
[25.925s] INFO:colcon.colcon_core.shell:Creating environment hook '/home/aryan/ros2_ws/src/vision_rpi_car/install/vision_rpi_car/share/vision_rpi_car/hook/pythonpath.sh'
[25.930s] Level 1:colcon.colcon_core.environment:checking '/home/aryan/ros2_ws/src/vision_rpi_car/install/vision_rpi_car/bin'
[25.931s] Level 1:colcon.colcon_core.environment:create_environment_scripts_only(vision_rpi_car)
[26.111s] INFO:colcon.colcon_core.shell:Creating package script '/home/aryan/ros2_ws/src/vision_rpi_car/install/vision_rpi_car/share/vision_rpi_car/package.ps1'
[26.120s] INFO:colcon.colcon_core.shell:Creating package descriptor '/home/aryan/ros2_ws/src/vision_rpi_car/install/vision_rpi_car/share/vision_rpi_car/package.dsv'
[26.127s] INFO:colcon.colcon_core.shell:Creating package script '/home/aryan/ros2_ws/src/vision_rpi_car/install/vision_rpi_car/share/vision_rpi_car/package.sh'
[26.136s] INFO:colcon.colcon_core.shell:Creating package script '/home/aryan/ros2_ws/src/vision_rpi_car/install/vision_rpi_car/share/vision_rpi_car/package.bash'
[26.144s] INFO:colcon.colcon_core.shell:Creating package script '/home/aryan/ros2_ws/src/vision_rpi_car/install/vision_rpi_car/share/vision_rpi_car/package.zsh'
[26.154s] Level 1:colcon.colcon_core.environment:create_file_with_runtime_dependencies(/home/aryan/ros2_ws/src/vision_rpi_car/install/vision_rpi_car/share/colcon-core/packages/vision_rpi_car)
[26.157s] DEBUG:colcon.colcon_parallel_executor.executor.parallel:closing loop
[26.160s] DEBUG:colcon.colcon_parallel_executor.executor.parallel:loop closed
[26.161s] DEBUG:colcon.colcon_parallel_executor.executor.parallel:run_until_complete finished with '0'
[26.162s] DEBUG:colcon.colcon_core.event_reactor:joining thread
[26.394s] INFO:colcon.colcon_core.plugin_system:Skipping extension 'colcon_notification.desktop_notification.notify_send': Could not find 'notify-send'
[26.395s] INFO:colcon.colcon_core.plugin_system:Skipping extension 'colcon_notification.desktop_notification.terminal_notifier': Not used on non-Darwin systems
[26.396s] INFO:colcon.colcon_core.plugin_system:Skipping extension 'colcon_notification.desktop_notification.win32': Not used on non-Windows systems
[26.397s] INFO:colcon.colcon_notification.desktop_notification:Sending desktop notification using 'notify2'
[26.460s] DEBUG:colcon.colcon_notification.desktop_notification.notify2:Failed to initialize notify2: org.freedesktop.DBus.Error.ServiceUnknown: The name org.freedesktop.Notifications was not provided by any .service files
[26.461s] DEBUG:colcon.colcon_core.event_reactor:joined thread
[26.639s] INFO:colcon.colcon_core.shell:Creating prefix script '/home/aryan/ros2_ws/src/vision_rpi_car/install/local_setup.ps1'
[26.649s] INFO:colcon.colcon_core.shell:Creating prefix util module '/home/aryan/ros2_ws/src/vision_rpi_car/install/_local_setup_util_ps1.py'
[26.664s] INFO:colcon.colcon_core.shell:Creating prefix chain script '/home/aryan/ros2_ws/src/vision_rpi_car/install/setup.ps1'
[26.773s] INFO:colcon.colcon_core.shell:Creating prefix script '/home/aryan/ros2_ws/src/vision_rpi_car/install/local_setup.sh'
[26.776s] INFO:colcon.colcon_core.shell:Creating prefix util module '/home/aryan/ros2_ws/src/vision_rpi_car/install/_local_setup_util_sh.py'
[26.778s] INFO:colcon.colcon_core.shell:Creating prefix chain script '/home/aryan/ros2_ws/src/vision_rpi_car/install/setup.sh'
[26.961s] INFO:colcon.colcon_core.shell:Creating prefix script '/home/aryan/ros2_ws/src/vision_rpi_car/install/local_setup.bash'
[26.967s] INFO:colcon.colcon_core.shell:Creating prefix chain script '/home/aryan/ros2_ws/src/vision_rpi_car/install/setup.bash'
[27.154s] INFO:colcon.colcon_core.shell:Creating prefix script '/home/aryan/ros2_ws/src/vision_rpi_car/install/local_setup.zsh'
[27.160s] INFO:colcon.colcon_core.shell:Creating prefix chain script '/home/aryan/ros2_ws/src/vision_rpi_car/install/setup.zsh'
